<?xml version="1.0" encoding="UTF-8"?>
<!-- Generated by org.testng.reporters.JUnitXMLReporter -->
<testsuite ignored="0" hostname="DESKTOP-3JA0FBS" failures="0" tests="11" name="Test" time="232.64" errors="0" timestamp="2024-08-17T08:24:46 IST">
  <testcase classname="tests.SignUpTests" name="without_entering_User_name_and_Password" time="21.22"/>
  <testcase classname="tests.SignUpTests" name="entering_only_User_name" time="8.185"/>
  <testcase classname="tests.SignUpTests" name="entering_only_Password" time="9.803"/>
  <testcase classname="tests.SignUpTests" name="entering_both_User_name_and_Password" time="21.502"/>
  <testcase classname="tests.SignUpTests" name="entering_already_existing_User_name_and_Password" time="8.892"/>
  <testcase classname="tests.LoginTests" name="without_entering_User_name_and_Password" time="19.382"/>
  <testcase classname="tests.LoginTests" name="entering_only_User_name" time="9.598"/>
  <testcase classname="tests.LoginTests" name="entering_only_Password" time="9.169"/>
  <testcase classname="tests.LoginTests" name="entering_Invalid_User_name" time="10.253"/>
  <testcase classname="tests.LoginTests" name="entering_Invalid_Password" time="21.043"/>
  <testcase classname="tests.LoginTests" name="entering_Valid_User_name_and_Password" time="6.28"/>
</testsuite> <!-- Test -->
