<?xml version="1.0" encoding="UTF-8"?>
<testng-results ignored="0" total="11" passed="11" failed="0" skipped="0">
  <reporter-output>
  </reporter-output>
  <suite started-at="2024-08-17T08:20:52 IST" name="Suite" finished-at="2024-08-17T08:24:45 IST" duration-ms="232640">
    <groups>
    </groups>
    <test started-at="2024-08-17T08:20:52 IST" name="Test" finished-at="2024-08-17T08:24:45 IST" duration-ms="232640">
      <class name="tests.LoginTests">
        <test-method is-config="true" signature="launchApplication()[pri:0, instance:tests.LoginTests@28dcca0c]" started-at="2024-08-17T08:22:58 IST" name="launchApplication" finished-at="2024-08-17T08:23:01 IST" duration-ms="3344" status="PASS">
          <reporter-output>
          </reporter-output>
        </test-method> <!-- launchApplication -->
        <test-method signature="without_entering_User_name_and_Password()[pri:1, instance:tests.LoginTests@28dcca0c]" started-at="2024-08-17T08:23:01 IST" name="without_entering_User_name_and_Password" finished-at="2024-08-17T08:23:21 IST" duration-ms="19382" status="PASS">
          <reporter-output>
          </reporter-output>
        </test-method> <!-- without_entering_User_name_and_Password -->
        <test-method is-config="true" signature="quitBrowser()[pri:0, instance:tests.LoginTests@28dcca0c]" started-at="2024-08-17T08:23:21 IST" name="quitBrowser" finished-at="2024-08-17T08:23:22 IST" duration-ms="1099" status="PASS">
          <reporter-output>
          </reporter-output>
        </test-method> <!-- quitBrowser -->
        <test-method is-config="true" signature="launchApplication()[pri:0, instance:tests.LoginTests@28dcca0c]" started-at="2024-08-17T08:23:22 IST" name="launchApplication" finished-at="2024-08-17T08:23:25 IST" duration-ms="3072" status="PASS">
          <reporter-output>
          </reporter-output>
        </test-method> <!-- launchApplication -->
        <test-method signature="entering_only_User_name()[pri:2, instance:tests.LoginTests@28dcca0c]" started-at="2024-08-17T08:23:25 IST" name="entering_only_User_name" finished-at="2024-08-17T08:23:35 IST" duration-ms="9598" status="PASS">
          <reporter-output>
          </reporter-output>
        </test-method> <!-- entering_only_User_name -->
        <test-method is-config="true" signature="quitBrowser()[pri:0, instance:tests.LoginTests@28dcca0c]" started-at="2024-08-17T08:23:35 IST" name="quitBrowser" finished-at="2024-08-17T08:23:35 IST" duration-ms="763" status="PASS">
          <reporter-output>
          </reporter-output>
        </test-method> <!-- quitBrowser -->
        <test-method is-config="true" signature="launchApplication()[pri:0, instance:tests.LoginTests@28dcca0c]" started-at="2024-08-17T08:23:35 IST" name="launchApplication" finished-at="2024-08-17T08:23:41 IST" duration-ms="5740" status="PASS">
          <reporter-output>
          </reporter-output>
        </test-method> <!-- launchApplication -->
        <test-method signature="entering_only_Password()[pri:3, instance:tests.LoginTests@28dcca0c]" started-at="2024-08-17T08:23:41 IST" name="entering_only_Password" finished-at="2024-08-17T08:23:50 IST" duration-ms="9169" status="PASS">
          <reporter-output>
          </reporter-output>
        </test-method> <!-- entering_only_Password -->
        <test-method is-config="true" signature="quitBrowser()[pri:0, instance:tests.LoginTests@28dcca0c]" started-at="2024-08-17T08:23:50 IST" name="quitBrowser" finished-at="2024-08-17T08:23:51 IST" duration-ms="619" status="PASS">
          <reporter-output>
          </reporter-output>
        </test-method> <!-- quitBrowser -->
        <test-method is-config="true" signature="launchApplication()[pri:0, instance:tests.LoginTests@28dcca0c]" started-at="2024-08-17T08:23:51 IST" name="launchApplication" finished-at="2024-08-17T08:23:54 IST" duration-ms="3126" status="PASS">
          <reporter-output>
          </reporter-output>
        </test-method> <!-- launchApplication -->
        <test-method signature="entering_Invalid_User_name()[pri:4, instance:tests.LoginTests@28dcca0c]" started-at="2024-08-17T08:23:54 IST" name="entering_Invalid_User_name" finished-at="2024-08-17T08:24:04 IST" duration-ms="10253" status="PASS">
          <reporter-output>
          </reporter-output>
        </test-method> <!-- entering_Invalid_User_name -->
        <test-method is-config="true" signature="quitBrowser()[pri:0, instance:tests.LoginTests@28dcca0c]" started-at="2024-08-17T08:24:04 IST" name="quitBrowser" finished-at="2024-08-17T08:24:07 IST" duration-ms="3085" status="PASS">
          <reporter-output>
          </reporter-output>
        </test-method> <!-- quitBrowser -->
        <test-method is-config="true" signature="launchApplication()[pri:0, instance:tests.LoginTests@28dcca0c]" started-at="2024-08-17T08:24:07 IST" name="launchApplication" finished-at="2024-08-17T08:24:12 IST" duration-ms="4489" status="PASS">
          <reporter-output>
          </reporter-output>
        </test-method> <!-- launchApplication -->
        <test-method signature="entering_Invalid_Password()[pri:5, instance:tests.LoginTests@28dcca0c]" started-at="2024-08-17T08:24:12 IST" name="entering_Invalid_Password" finished-at="2024-08-17T08:24:33 IST" duration-ms="21043" status="PASS">
          <reporter-output>
          </reporter-output>
        </test-method> <!-- entering_Invalid_Password -->
        <test-method is-config="true" signature="quitBrowser()[pri:0, instance:tests.LoginTests@28dcca0c]" started-at="2024-08-17T08:24:33 IST" name="quitBrowser" finished-at="2024-08-17T08:24:34 IST" duration-ms="1478" status="PASS">
          <reporter-output>
          </reporter-output>
        </test-method> <!-- quitBrowser -->
        <test-method is-config="true" signature="launchApplication()[pri:0, instance:tests.LoginTests@28dcca0c]" started-at="2024-08-17T08:24:34 IST" name="launchApplication" finished-at="2024-08-17T08:24:38 IST" duration-ms="3554" status="PASS">
          <reporter-output>
          </reporter-output>
        </test-method> <!-- launchApplication -->
        <test-method signature="entering_Valid_User_name_and_Password()[pri:6, instance:tests.LoginTests@28dcca0c]" started-at="2024-08-17T08:24:38 IST" name="entering_Valid_User_name_and_Password" finished-at="2024-08-17T08:24:44 IST" duration-ms="6280" status="PASS">
          <reporter-output>
          </reporter-output>
        </test-method> <!-- entering_Valid_User_name_and_Password -->
        <test-method is-config="true" signature="quitBrowser()[pri:0, instance:tests.LoginTests@28dcca0c]" started-at="2024-08-17T08:24:44 IST" name="quitBrowser" finished-at="2024-08-17T08:24:45 IST" duration-ms="569" status="PASS">
          <reporter-output>
          </reporter-output>
        </test-method> <!-- quitBrowser -->
      </class> <!-- tests.LoginTests -->
      <class name="tests.SignUpTests">
        <test-method is-config="true" signature="launchApplication()[pri:0, instance:tests.SignUpTests@402c4085]" started-at="2024-08-17T08:20:57 IST" name="launchApplication" finished-at="2024-08-17T08:21:14 IST" duration-ms="16893" status="PASS">
          <reporter-output>
          </reporter-output>
        </test-method> <!-- launchApplication -->
        <test-method signature="without_entering_User_name_and_Password()[pri:1, instance:tests.SignUpTests@402c4085]" started-at="2024-08-17T08:21:14 IST" name="without_entering_User_name_and_Password" finished-at="2024-08-17T08:21:35 IST" duration-ms="21220" status="PASS">
          <reporter-output>
          </reporter-output>
        </test-method> <!-- without_entering_User_name_and_Password -->
        <test-method is-config="true" signature="quitBrowser()[pri:0, instance:tests.SignUpTests@402c4085]" started-at="2024-08-17T08:21:35 IST" name="quitBrowser" finished-at="2024-08-17T08:21:37 IST" duration-ms="2593" status="PASS">
          <reporter-output>
          </reporter-output>
        </test-method> <!-- quitBrowser -->
        <test-method is-config="true" signature="launchApplication()[pri:0, instance:tests.SignUpTests@402c4085]" started-at="2024-08-17T08:21:37 IST" name="launchApplication" finished-at="2024-08-17T08:21:42 IST" duration-ms="5064" status="PASS">
          <reporter-output>
          </reporter-output>
        </test-method> <!-- launchApplication -->
        <test-method signature="entering_only_User_name()[pri:2, instance:tests.SignUpTests@402c4085]" started-at="2024-08-17T08:21:42 IST" name="entering_only_User_name" finished-at="2024-08-17T08:21:51 IST" duration-ms="8185" status="PASS">
          <reporter-output>
          </reporter-output>
        </test-method> <!-- entering_only_User_name -->
        <test-method is-config="true" signature="quitBrowser()[pri:0, instance:tests.SignUpTests@402c4085]" started-at="2024-08-17T08:21:51 IST" name="quitBrowser" finished-at="2024-08-17T08:21:51 IST" duration-ms="702" status="PASS">
          <reporter-output>
          </reporter-output>
        </test-method> <!-- quitBrowser -->
        <test-method is-config="true" signature="launchApplication()[pri:0, instance:tests.SignUpTests@402c4085]" started-at="2024-08-17T08:21:51 IST" name="launchApplication" finished-at="2024-08-17T08:21:55 IST" duration-ms="3365" status="PASS">
          <reporter-output>
          </reporter-output>
        </test-method> <!-- launchApplication -->
        <test-method signature="entering_only_Password()[pri:3, instance:tests.SignUpTests@402c4085]" started-at="2024-08-17T08:21:55 IST" name="entering_only_Password" finished-at="2024-08-17T08:22:04 IST" duration-ms="9803" status="PASS">
          <reporter-output>
          </reporter-output>
        </test-method> <!-- entering_only_Password -->
        <test-method is-config="true" signature="quitBrowser()[pri:0, instance:tests.SignUpTests@402c4085]" started-at="2024-08-17T08:22:04 IST" name="quitBrowser" finished-at="2024-08-17T08:22:06 IST" duration-ms="1458" status="PASS">
          <reporter-output>
          </reporter-output>
        </test-method> <!-- quitBrowser -->
        <test-method is-config="true" signature="launchApplication()[pri:0, instance:tests.SignUpTests@402c4085]" started-at="2024-08-17T08:22:06 IST" name="launchApplication" finished-at="2024-08-17T08:22:10 IST" duration-ms="4132" status="PASS">
          <reporter-output>
          </reporter-output>
        </test-method> <!-- launchApplication -->
        <test-method signature="entering_both_User_name_and_Password()[pri:4, instance:tests.SignUpTests@402c4085]" started-at="2024-08-17T08:22:10 IST" name="entering_both_User_name_and_Password" finished-at="2024-08-17T08:22:32 IST" duration-ms="21502" status="PASS">
          <reporter-output>
          </reporter-output>
        </test-method> <!-- entering_both_User_name_and_Password -->
        <test-method is-config="true" signature="quitBrowser()[pri:0, instance:tests.SignUpTests@402c4085]" started-at="2024-08-17T08:22:32 IST" name="quitBrowser" finished-at="2024-08-17T08:22:34 IST" duration-ms="2339" status="PASS">
          <reporter-output>
          </reporter-output>
        </test-method> <!-- quitBrowser -->
        <test-method is-config="true" signature="launchApplication()[pri:0, instance:tests.SignUpTests@402c4085]" started-at="2024-08-17T08:22:34 IST" name="launchApplication" finished-at="2024-08-17T08:22:48 IST" duration-ms="14431" status="PASS">
          <reporter-output>
          </reporter-output>
        </test-method> <!-- launchApplication -->
        <test-method signature="entering_already_existing_User_name_and_Password()[pri:5, instance:tests.SignUpTests@402c4085]" started-at="2024-08-17T08:22:48 IST" name="entering_already_existing_User_name_and_Password" finished-at="2024-08-17T08:22:57 IST" duration-ms="8892" status="PASS">
          <reporter-output>
          </reporter-output>
        </test-method> <!-- entering_already_existing_User_name_and_Password -->
        <test-method is-config="true" signature="quitBrowser()[pri:0, instance:tests.SignUpTests@402c4085]" started-at="2024-08-17T08:22:57 IST" name="quitBrowser" finished-at="2024-08-17T08:22:58 IST" duration-ms="769" status="PASS">
          <reporter-output>
          </reporter-output>
        </test-method> <!-- quitBrowser -->
      </class> <!-- tests.SignUpTests -->
    </test> <!-- Test -->
  </suite> <!-- Suite -->
</testng-results>
