<?xml version="1.0" encoding="UTF-8"?>
<!-- Generated by org.testng.reporters.JUnitXMLReporter -->
<testsuite ignored="1" hostname="DESKTOP-3JA0FBS" failures="0" tests="1" name="Default test" time="19.356" errors="0" timestamp="2024-08-06T22:28:10 IST">
  <testcase classname="tests.LoginTests" name="without_entering_User_name_and_Password" time="8.27"/>
  <testcase classname="tests.LoginTests" name="loginPage" time="0.0">
    <ignored/>
  </testcase> <!-- loginPage -->
</testsuite> <!-- Default test -->
